<?xml version="1.0" encoding="UTF-8"?>
<testsuite name="pl.edu.agh.wp.orm.converter.types.DateTypeTest" tests="2" skipped="0" failures="0" errors="0" timestamp="2016-12-23T13:12:56" hostname="Deathstar" time="0.002">
  <properties/>
  <testcase name="getObject" classname="pl.edu.agh.wp.orm.converter.types.DateTypeTest" time="0.001"/>
  <testcase name="getAsString" classname="pl.edu.agh.wp.orm.converter.types.DateTypeTest" time="0.0"/>
  <system-out><![CDATA[]]></system-out>
  <system-err><![CDATA[]]></system-err>
</testsuite>
