<?xml version="1.0" encoding="UTF-8"?>
<testsuite name="pl.edu.agh.wp.orm.annotations.utilis.AnnotationUtilsTest" tests="4" skipped="0" failures="0" errors="0" timestamp="2016-12-23T13:12:56" hostname="Deathstar" time="0.006">
  <properties/>
  <testcase name="hasAnnotation" classname="pl.edu.agh.wp.orm.annotations.utilis.AnnotationUtilsTest" time="0.003"/>
  <testcase name="preparePropertyNameAnnotation" classname="pl.edu.agh.wp.orm.annotations.utilis.AnnotationUtilsTest" time="0.001"/>
  <testcase name="hasColumnAnnotation" classname="pl.edu.agh.wp.orm.annotations.utilis.AnnotationUtilsTest" time="0.0"/>
  <testcase name="preparePropertyNameField" classname="pl.edu.agh.wp.orm.annotations.utilis.AnnotationUtilsTest" time="0.0"/>
  <system-out><![CDATA[]]></system-out>
  <system-err><![CDATA[]]></system-err>
</testsuite>
